[0.038s] Invoking command in '/home/ayesh/turtlebot3_ws/build/turtlebot3_maze': CMAKE_PREFIX_PATH=${CMAKE_PREFIX_PATH}:/opt/ros/humble /usr/bin/cmake /home/ayesh/turtlebot3_ws/src/turtlebot3_maze -DAMENT_CMAKE_SYMLINK_INSTALL=1 -DCMAKE_INSTALL_PREFIX=/home/ayesh/turtlebot3_ws/install/turtlebot3_maze
[0.320s] -- The C compiler identification is GNU 11.4.0
[0.507s] -- The CXX compiler identification is GNU 11.4.0
[0.537s] -- Detecting C compiler ABI info
[0.690s] -- Detecting C compiler ABI info - done
[0.704s] -- Check for working C compiler: /usr/bin/cc - skipped
[0.707s] -- Detecting C compile features
[0.709s] -- Detecting C compile features - done
[0.718s] -- Detecting CXX compiler ABI info
[0.875s] -- Detecting CXX compiler ABI info - done
[0.888s] -- Check for working CXX compiler: /usr/bin/c++ - skipped
[0.889s] -- Detecting CXX compile features
[0.890s] -- Detecting CXX compile features - done
[0.908s] -- Found ament_cmake: 1.3.12 (/opt/ros/humble/share/ament_cmake/cmake)
[1.197s] -- Found Python3: /usr/bin/python3 (found version "3.10.12") found components: Interpreter 
[1.324s] -- Override CMake install command with custom implementation using symlinks instead of copying resources
[1.649s] -- Configuring done
[1.656s] -- Generating done
[1.659s] -- Build files have been written to: /home/ayesh/turtlebot3_ws/build/turtlebot3_maze
[1.665s] Invoked command in '/home/ayesh/turtlebot3_ws/build/turtlebot3_maze' returned '0': CMAKE_PREFIX_PATH=${CMAKE_PREFIX_PATH}:/opt/ros/humble /usr/bin/cmake /home/ayesh/turtlebot3_ws/src/turtlebot3_maze -DAMENT_CMAKE_SYMLINK_INSTALL=1 -DCMAKE_INSTALL_PREFIX=/home/ayesh/turtlebot3_ws/install/turtlebot3_maze
[1.667s] Invoking command in '/home/ayesh/turtlebot3_ws/build/turtlebot3_maze': CMAKE_PREFIX_PATH=${CMAKE_PREFIX_PATH}:/opt/ros/humble /usr/bin/cmake --build /home/ayesh/turtlebot3_ws/build/turtlebot3_maze -- -j2 -l2
[1.785s] Built target ament_cmake_python_symlink_turtlebot3_maze
[2.171s] running egg_info
[2.172s] creating turtlebot3_maze.egg-info
[2.172s] writing turtlebot3_maze.egg-info/PKG-INFO
[2.173s] writing dependency_links to turtlebot3_maze.egg-info/dependency_links.txt
[2.173s] writing top-level names to turtlebot3_maze.egg-info/top_level.txt
[2.174s] writing manifest file 'turtlebot3_maze.egg-info/SOURCES.txt'
[2.178s] reading manifest file 'turtlebot3_maze.egg-info/SOURCES.txt'
[2.178s] writing manifest file 'turtlebot3_maze.egg-info/SOURCES.txt'
[2.214s] Built target ament_cmake_python_build_turtlebot3_maze_egg
[2.233s] Invoked command in '/home/ayesh/turtlebot3_ws/build/turtlebot3_maze' returned '0': CMAKE_PREFIX_PATH=${CMAKE_PREFIX_PATH}:/opt/ros/humble /usr/bin/cmake --build /home/ayesh/turtlebot3_ws/build/turtlebot3_maze -- -j2 -l2
[2.259s] Invoking command in '/home/ayesh/turtlebot3_ws/build/turtlebot3_maze': CMAKE_PREFIX_PATH=${CMAKE_PREFIX_PATH}:/opt/ros/humble /usr/bin/cmake --install /home/ayesh/turtlebot3_ws/build/turtlebot3_maze
[2.274s] -- Install configuration: ""
[2.276s] -- Execute custom install script
[2.276s] -- Symlinking: /home/ayesh/turtlebot3_ws/install/turtlebot3_maze/share/turtlebot3_maze/environment/pythonpath.sh
[2.295s] -- Symlinking: /home/ayesh/turtlebot3_ws/install/turtlebot3_maze/share/turtlebot3_maze/environment/pythonpath.dsv
[2.319s] -- Symlinking: /home/ayesh/turtlebot3_ws/install/turtlebot3_maze/local/lib/python3.10/dist-packages/turtlebot3_maze-1.2.0-py3.10.egg-info/PKG-INFO
[2.343s] -- Symlinking: /home/ayesh/turtlebot3_ws/install/turtlebot3_maze/local/lib/python3.10/dist-packages/turtlebot3_maze-1.2.0-py3.10.egg-info/SOURCES.txt
[2.362s] -- Symlinking: /home/ayesh/turtlebot3_ws/install/turtlebot3_maze/local/lib/python3.10/dist-packages/turtlebot3_maze-1.2.0-py3.10.egg-info/dependency_links.txt
[2.381s] -- Symlinking: /home/ayesh/turtlebot3_ws/install/turtlebot3_maze/local/lib/python3.10/dist-packages/turtlebot3_maze-1.2.0-py3.10.egg-info/top_level.txt
[2.399s] -- Symlinking: /home/ayesh/turtlebot3_ws/install/turtlebot3_maze/local/lib/python3.10/dist-packages/turtlebot3_maze/__init__.py
[2.414s] -- Symlinking: /home/ayesh/turtlebot3_ws/install/turtlebot3_maze/local/lib/python3.10/dist-packages/turtlebot3_maze/dqn_agent.py
[2.438s] -- Symlinking: /home/ayesh/turtlebot3_ws/install/turtlebot3_maze/local/lib/python3.10/dist-packages/turtlebot3_maze/dqn_navigation.py
[2.458s] -- Symlinking: /home/ayesh/turtlebot3_ws/install/turtlebot3_maze/local/lib/python3.10/dist-packages/turtlebot3_maze/generate_assignment_maze.py
[2.474s] -- Symlinking: /home/ayesh/turtlebot3_ws/install/turtlebot3_maze/local/lib/python3.10/dist-packages/turtlebot3_maze/goal_navigator.py
[2.489s] -- Symlinking: /home/ayesh/turtlebot3_ws/install/turtlebot3_maze/local/lib/python3.10/dist-packages/turtlebot3_maze/maze_generator.py
[2.505s] -- Symlinking: /home/ayesh/turtlebot3_ws/install/turtlebot3_maze/local/lib/python3.10/dist-packages/turtlebot3_maze/maze_gui.py
[2.520s] -- Symlinking: /home/ayesh/turtlebot3_ws/install/turtlebot3_maze/local/lib/python3.10/dist-packages/turtlebot3_maze/performance_tester.py
[2.538s] -- Symlinking: /home/ayesh/turtlebot3_ws/install/turtlebot3_maze/local/lib/python3.10/dist-packages/turtlebot3_maze/setup.py
[2.556s] -- Symlinking: /home/ayesh/turtlebot3_ws/install/turtlebot3_maze/local/lib/python3.10/dist-packages/turtlebot3_maze/simple_auto_navigator.py
[2.573s] -- Symlinking: /home/ayesh/turtlebot3_ws/install/turtlebot3_maze/share/turtlebot3_maze/launch/autonomous_navigation.launch.py
[2.589s] -- Symlinking: /home/ayesh/turtlebot3_ws/install/turtlebot3_maze/share/turtlebot3_maze/launch/dqn_navigation.launch.py
[2.606s] -- Symlinking: /home/ayesh/turtlebot3_ws/install/turtlebot3_maze/share/turtlebot3_maze/launch/gazebo_only.launch.py
[2.623s] -- Symlinking: /home/ayesh/turtlebot3_ws/install/turtlebot3_maze/share/turtlebot3_maze/launch/navigation.launch.py
[2.640s] -- Symlinking: /home/ayesh/turtlebot3_ws/install/turtlebot3_maze/share/turtlebot3_maze/launch/slam.launch.py
[2.657s] -- Symlinking: /home/ayesh/turtlebot3_ws/install/turtlebot3_maze/share/turtlebot3_maze/launch/test_headless.launch.py
[2.678s] -- Symlinking: /home/ayesh/turtlebot3_ws/install/turtlebot3_maze/share/turtlebot3_maze/config/dqn_config.yaml
[2.703s] -- Symlinking: /home/ayesh/turtlebot3_ws/install/turtlebot3_maze/share/turtlebot3_maze/config/nav2_params.yaml
[2.718s] -- Symlinking: /home/ayesh/turtlebot3_ws/install/turtlebot3_maze/share/turtlebot3_maze/config/slam_params.yaml
[2.737s] -- Symlinking: /home/ayesh/turtlebot3_ws/install/turtlebot3_maze/share/turtlebot3_maze/worlds/empty.world
[2.750s] -- Symlinking: /home/ayesh/turtlebot3_ws/install/turtlebot3_maze/share/turtlebot3_maze/worlds/final_maze.world
[2.761s] -- Symlinking: /home/ayesh/turtlebot3_ws/install/turtlebot3_maze/share/turtlebot3_maze/worlds/maze_assignment.world
[2.777s] -- Symlinking: /home/ayesh/turtlebot3_ws/install/turtlebot3_maze/share/turtlebot3_maze/worlds/maze_complex.world
[2.791s] -- Symlinking: /home/ayesh/turtlebot3_ws/install/turtlebot3_maze/share/turtlebot3_maze/worlds/maze_simple.world
[2.806s] -- Symlinking: /home/ayesh/turtlebot3_ws/install/turtlebot3_maze/share/turtlebot3_maze/worlds/square_maze.world
[2.819s] -- Symlinking: /home/ayesh/turtlebot3_ws/install/turtlebot3_maze/share/turtlebot3_maze/rviz/navigation.rviz
[2.833s] -- Symlinking: /home/ayesh/turtlebot3_ws/install/turtlebot3_maze/share/turtlebot3_maze/rviz/slam.rviz
[2.846s] -- Symlinking: /home/ayesh/turtlebot3_ws/install/turtlebot3_maze/share/turtlebot3_maze/models/.gitkeep
[2.863s] -- Symlinking: /home/ayesh/turtlebot3_ws/install/turtlebot3_maze/share/ament_index/resource_index/package_run_dependencies/turtlebot3_maze
[2.874s] -- Symlinking: /home/ayesh/turtlebot3_ws/install/turtlebot3_maze/share/ament_index/resource_index/parent_prefix_path/turtlebot3_maze
[2.886s] -- Symlinking: /home/ayesh/turtlebot3_ws/install/turtlebot3_maze/share/turtlebot3_maze/environment/ament_prefix_path.sh
[2.900s] -- Symlinking: /home/ayesh/turtlebot3_ws/install/turtlebot3_maze/share/turtlebot3_maze/environment/ament_prefix_path.dsv
[2.912s] -- Symlinking: /home/ayesh/turtlebot3_ws/install/turtlebot3_maze/share/turtlebot3_maze/environment/path.sh
[2.926s] -- Symlinking: /home/ayesh/turtlebot3_ws/install/turtlebot3_maze/share/turtlebot3_maze/environment/path.dsv
[2.939s] -- Symlinking: /home/ayesh/turtlebot3_ws/install/turtlebot3_maze/share/turtlebot3_maze/local_setup.bash
[2.952s] -- Symlinking: /home/ayesh/turtlebot3_ws/install/turtlebot3_maze/share/turtlebot3_maze/local_setup.sh
[2.965s] -- Symlinking: /home/ayesh/turtlebot3_ws/install/turtlebot3_maze/share/turtlebot3_maze/local_setup.zsh
[2.975s] -- Symlinking: /home/ayesh/turtlebot3_ws/install/turtlebot3_maze/share/turtlebot3_maze/local_setup.dsv
[2.986s] -- Symlinking: /home/ayesh/turtlebot3_ws/install/turtlebot3_maze/share/turtlebot3_maze/package.dsv
[2.998s] -- Symlinking: /home/ayesh/turtlebot3_ws/install/turtlebot3_maze/share/ament_index/resource_index/packages/turtlebot3_maze
[3.015s] -- Symlinking: /home/ayesh/turtlebot3_ws/install/turtlebot3_maze/share/turtlebot3_maze/cmake/turtlebot3_mazeConfig.cmake
[3.024s] -- Symlinking: /home/ayesh/turtlebot3_ws/install/turtlebot3_maze/share/turtlebot3_maze/cmake/turtlebot3_mazeConfig-version.cmake
[3.038s] -- Symlinking: /home/ayesh/turtlebot3_ws/install/turtlebot3_maze/share/turtlebot3_maze/package.xml
[3.102s] Listing '/home/ayesh/turtlebot3_ws/install/turtlebot3_maze/local/lib/python3.10/dist-packages/turtlebot3_maze'...
[3.102s] Compiling '/home/ayesh/turtlebot3_ws/install/turtlebot3_maze/local/lib/python3.10/dist-packages/turtlebot3_maze/__init__.py'...
[3.102s] Compiling '/home/ayesh/turtlebot3_ws/install/turtlebot3_maze/local/lib/python3.10/dist-packages/turtlebot3_maze/dqn_agent.py'...
[3.102s] Compiling '/home/ayesh/turtlebot3_ws/install/turtlebot3_maze/local/lib/python3.10/dist-packages/turtlebot3_maze/dqn_navigation.py'...
[3.102s] Compiling '/home/ayesh/turtlebot3_ws/install/turtlebot3_maze/local/lib/python3.10/dist-packages/turtlebot3_maze/generate_assignment_maze.py'...
[3.102s] Compiling '/home/ayesh/turtlebot3_ws/install/turtlebot3_maze/local/lib/python3.10/dist-packages/turtlebot3_maze/goal_navigator.py'...
[3.102s] Compiling '/home/ayesh/turtlebot3_ws/install/turtlebot3_maze/local/lib/python3.10/dist-packages/turtlebot3_maze/maze_generator.py'...
[3.103s] Compiling '/home/ayesh/turtlebot3_ws/install/turtlebot3_maze/local/lib/python3.10/dist-packages/turtlebot3_maze/maze_gui.py'...
[3.104s] Compiling '/home/ayesh/turtlebot3_ws/install/turtlebot3_maze/local/lib/python3.10/dist-packages/turtlebot3_maze/performance_tester.py'...
[3.104s] Compiling '/home/ayesh/turtlebot3_ws/install/turtlebot3_maze/local/lib/python3.10/dist-packages/turtlebot3_maze/setup.py'...
[3.104s] Compiling '/home/ayesh/turtlebot3_ws/install/turtlebot3_maze/local/lib/python3.10/dist-packages/turtlebot3_maze/simple_auto_navigator.py'...
[3.115s] Invoked command in '/home/ayesh/turtlebot3_ws/build/turtlebot3_maze' returned '0': CMAKE_PREFIX_PATH=${CMAKE_PREFIX_PATH}:/opt/ros/humble /usr/bin/cmake --install /home/ayesh/turtlebot3_ws/build/turtlebot3_maze
