[0.518s] DEBUG:colcon:Command line arguments: ['/usr/bin/colcon', 'build', '--packages-select', 'turtlebot3_maze', '--symlink-install']
[0.519s] DEBUG:colcon:Parsed command line arguments: Namespace(log_base=None, log_level=None, verb_name='build', build_base='build', install_base='install', merge_install=False, symlink_install=True, test_result_base=None, continue_on_error=False, executor='parallel', parallel_workers=2, event_handlers=None, ignore_user_meta=False, metas=['./colcon.meta'], base_paths=['.'], packages_ignore=None, packages_ignore_regex=None, paths=None, packages_up_to=None, packages_up_to_regex=None, packages_above=None, packages_above_and_dependencies=None, packages_above_depth=None, packages_select_by_dep=None, packages_skip_by_dep=None, packages_skip_up_to=None, packages_select_build_failed=False, packages_skip_build_finished=False, packages_select_test_failures=False, packages_skip_test_passed=False, packages_select=['turtlebot3_maze'], packages_skip=None, packages_select_regex=None, packages_skip_regex=None, packages_start=None, packages_end=None, allow_overriding=[], cmake_args=None, cmake_target=None, cmake_target_skip_unavailable=False, cmake_clean_cache=False, cmake_clean_first=False, cmake_force_configure=False, ament_cmake_args=None, catkin_cmake_args=None, catkin_skip_building_tests=False, mixin_files=None, mixin=None, verb_parser=<colcon_mixin.mixin.mixin_argument.MixinArgumentDecorator object at 0x75027a7da230>, verb_extension=<colcon_core.verb.build.BuildVerb object at 0x75027a7d9ba0>, main=<bound method BuildVerb.main of <colcon_core.verb.build.BuildVerb object at 0x75027a7d9ba0>>, mixin_verb=('build',))
[0.886s] Level 1:colcon.colcon_core.package_discovery:discover_packages(colcon_meta) check parameters
[0.887s] Level 1:colcon.colcon_core.package_discovery:discover_packages(recursive) check parameters
[0.887s] Level 1:colcon.colcon_core.package_discovery:discover_packages(ignore) check parameters
[0.887s] Level 1:colcon.colcon_core.package_discovery:discover_packages(path) check parameters
[0.887s] Level 1:colcon.colcon_core.package_discovery:discover_packages(colcon_meta) discover
[0.887s] Level 1:colcon.colcon_core.package_discovery:discover_packages(recursive) discover
[0.887s] INFO:colcon.colcon_core.package_discovery:Crawling recursively for packages in '/home/ayesh/turtlebot3_ws'
[0.887s] Level 1:colcon.colcon_core.package_identification:_identify(.) by extensions ['ignore', 'ignore_ament_install']
[0.888s] Level 1:colcon.colcon_core.package_identification:_identify(.) by extension 'ignore'
[0.888s] Level 1:colcon.colcon_core.package_identification:_identify(.) by extension 'ignore_ament_install'
[0.888s] Level 1:colcon.colcon_core.package_identification:_identify(.) by extensions ['colcon_pkg']
[0.888s] Level 1:colcon.colcon_core.package_identification:_identify(.) by extension 'colcon_pkg'
[0.888s] Level 1:colcon.colcon_core.package_identification:_identify(.) by extensions ['colcon_meta']
[0.888s] Level 1:colcon.colcon_core.package_identification:_identify(.) by extension 'colcon_meta'
[0.888s] Level 1:colcon.colcon_core.package_identification:_identify(.) by extensions ['ros']
[0.888s] Level 1:colcon.colcon_core.package_identification:_identify(.) by extension 'ros'
[0.922s] Level 1:colcon.colcon_core.package_identification:_identify(.) by extensions ['cmake', 'python']
[0.922s] Level 1:colcon.colcon_core.package_identification:_identify(.) by extension 'cmake'
[0.922s] Level 1:colcon.colcon_core.package_identification:_identify(.) by extension 'python'
[0.922s] Level 1:colcon.colcon_core.package_identification:_identify(.) by extensions ['python_setup_py']
[0.922s] Level 1:colcon.colcon_core.package_identification:_identify(.) by extension 'python_setup_py'
[0.923s] Level 1:colcon.colcon_core.package_identification:_identify(build) by extensions ['ignore', 'ignore_ament_install']
[0.923s] Level 1:colcon.colcon_core.package_identification:_identify(build) by extension 'ignore'
[0.923s] Level 1:colcon.colcon_core.package_identification:_identify(build) ignored
[0.923s] Level 1:colcon.colcon_core.package_identification:_identify(install) by extensions ['ignore', 'ignore_ament_install']
[0.923s] Level 1:colcon.colcon_core.package_identification:_identify(install) by extension 'ignore'
[0.923s] Level 1:colcon.colcon_core.package_identification:_identify(install) ignored
[0.924s] Level 1:colcon.colcon_core.package_identification:_identify(log) by extensions ['ignore', 'ignore_ament_install']
[0.924s] Level 1:colcon.colcon_core.package_identification:_identify(log) by extension 'ignore'
[0.924s] Level 1:colcon.colcon_core.package_identification:_identify(log) ignored
[0.924s] Level 1:colcon.colcon_core.package_identification:_identify(src) by extensions ['ignore', 'ignore_ament_install']
[0.924s] Level 1:colcon.colcon_core.package_identification:_identify(src) by extension 'ignore'
[0.924s] Level 1:colcon.colcon_core.package_identification:_identify(src) by extension 'ignore_ament_install'
[0.924s] Level 1:colcon.colcon_core.package_identification:_identify(src) by extensions ['colcon_pkg']
[0.924s] Level 1:colcon.colcon_core.package_identification:_identify(src) by extension 'colcon_pkg'
[0.924s] Level 1:colcon.colcon_core.package_identification:_identify(src) by extensions ['colcon_meta']
[0.924s] Level 1:colcon.colcon_core.package_identification:_identify(src) by extension 'colcon_meta'
[0.924s] Level 1:colcon.colcon_core.package_identification:_identify(src) by extensions ['ros']
[0.924s] Level 1:colcon.colcon_core.package_identification:_identify(src) by extension 'ros'
[0.924s] Level 1:colcon.colcon_core.package_identification:_identify(src) by extensions ['cmake', 'python']
[0.924s] Level 1:colcon.colcon_core.package_identification:_identify(src) by extension 'cmake'
[0.924s] Level 1:colcon.colcon_core.package_identification:_identify(src) by extension 'python'
[0.924s] Level 1:colcon.colcon_core.package_identification:_identify(src) by extensions ['python_setup_py']
[0.924s] Level 1:colcon.colcon_core.package_identification:_identify(src) by extension 'python_setup_py'
[0.924s] Level 1:colcon.colcon_core.package_identification:_identify(src/turtlebot3_maze) by extensions ['ignore', 'ignore_ament_install']
[0.924s] Level 1:colcon.colcon_core.package_identification:_identify(src/turtlebot3_maze) by extension 'ignore'
[0.925s] Level 1:colcon.colcon_core.package_identification:_identify(src/turtlebot3_maze) by extension 'ignore_ament_install'
[0.925s] Level 1:colcon.colcon_core.package_identification:_identify(src/turtlebot3_maze) by extensions ['colcon_pkg']
[0.925s] Level 1:colcon.colcon_core.package_identification:_identify(src/turtlebot3_maze) by extension 'colcon_pkg'
[0.925s] Level 1:colcon.colcon_core.package_identification:_identify(src/turtlebot3_maze) by extensions ['colcon_meta']
[0.925s] Level 1:colcon.colcon_core.package_identification:_identify(src/turtlebot3_maze) by extension 'colcon_meta'
[0.925s] Level 1:colcon.colcon_core.package_identification:_identify(src/turtlebot3_maze) by extensions ['ros']
[0.925s] Level 1:colcon.colcon_core.package_identification:_identify(src/turtlebot3_maze) by extension 'ros'
[0.934s] DEBUG:colcon.colcon_core.package_identification:Package 'src/turtlebot3_maze' with type 'ros.ament_cmake' and name 'turtlebot3_maze'
[0.935s] Level 1:colcon.colcon_core.package_discovery:discover_packages(recursive) using defaults
[0.936s] Level 1:colcon.colcon_core.package_discovery:discover_packages(ignore) discover
[0.936s] Level 1:colcon.colcon_core.package_discovery:discover_packages(ignore) using defaults
[0.936s] Level 1:colcon.colcon_core.package_discovery:discover_packages(path) discover
[0.936s] Level 1:colcon.colcon_core.package_discovery:discover_packages(path) using defaults
[1.097s] Level 1:colcon.colcon_core.package_discovery:discover_packages(prefix_path) check parameters
[1.098s] Level 1:colcon.colcon_core.package_discovery:discover_packages(prefix_path) discover
[1.110s] DEBUG:colcon.colcon_installed_package_information.package_discovery:Found 1 installed packages in /home/ayesh/turtlebot3_ws/install
[1.115s] DEBUG:colcon.colcon_installed_package_information.package_discovery:Found 371 installed packages in /opt/ros/humble
[1.117s] Level 1:colcon.colcon_core.package_discovery:discover_packages(prefix_path) using defaults
[1.199s] Level 5:colcon.colcon_core.verb:set package 'turtlebot3_maze' build argument 'cmake_args' from command line to 'None'
[1.200s] Level 5:colcon.colcon_core.verb:set package 'turtlebot3_maze' build argument 'cmake_target' from command line to 'None'
[1.200s] Level 5:colcon.colcon_core.verb:set package 'turtlebot3_maze' build argument 'cmake_target_skip_unavailable' from command line to 'False'
[1.201s] Level 5:colcon.colcon_core.verb:set package 'turtlebot3_maze' build argument 'cmake_clean_cache' from command line to 'False'
[1.201s] Level 5:colcon.colcon_core.verb:set package 'turtlebot3_maze' build argument 'cmake_clean_first' from command line to 'False'
[1.201s] Level 5:colcon.colcon_core.verb:set package 'turtlebot3_maze' build argument 'cmake_force_configure' from command line to 'False'
[1.201s] Level 5:colcon.colcon_core.verb:set package 'turtlebot3_maze' build argument 'ament_cmake_args' from command line to 'None'
[1.201s] Level 5:colcon.colcon_core.verb:set package 'turtlebot3_maze' build argument 'catkin_cmake_args' from command line to 'None'
[1.201s] Level 5:colcon.colcon_core.verb:set package 'turtlebot3_maze' build argument 'catkin_skip_building_tests' from command line to 'False'
[1.201s] DEBUG:colcon.colcon_core.verb:Building package 'turtlebot3_maze' with the following arguments: {'ament_cmake_args': None, 'build_base': '/home/ayesh/turtlebot3_ws/build/turtlebot3_maze', 'catkin_cmake_args': None, 'catkin_skip_building_tests': False, 'cmake_args': None, 'cmake_clean_cache': False, 'cmake_clean_first': False, 'cmake_force_configure': False, 'cmake_target': None, 'cmake_target_skip_unavailable': False, 'install_base': '/home/ayesh/turtlebot3_ws/install/turtlebot3_maze', 'merge_install': False, 'path': '/home/ayesh/turtlebot3_ws/src/turtlebot3_maze', 'symlink_install': True, 'test_result_base': None}
[1.201s] INFO:colcon.colcon_core.executor:Executing jobs using 'parallel' executor
[1.204s] DEBUG:colcon.colcon_parallel_executor.executor.parallel:run_until_complete
[1.205s] INFO:colcon.colcon_ros.task.ament_cmake.build:Building ROS package in '/home/ayesh/turtlebot3_ws/src/turtlebot3_maze' with build type 'ament_cmake'
[1.206s] INFO:colcon.colcon_cmake.task.cmake.build:Building CMake package in '/home/ayesh/turtlebot3_ws/src/turtlebot3_maze'
[1.217s] INFO:colcon.colcon_core.plugin_system:Skipping extension 'colcon_core.shell.bat': Not used on non-Windows systems
[1.217s] INFO:colcon.colcon_core.shell:Skip shell extension 'powershell' for command environment: Not usable outside of PowerShell
[1.217s] DEBUG:colcon.colcon_core.shell:Skip shell extension 'dsv' for command environment
[1.244s] DEBUG:colcon.colcon_core.event_handler.log_command:Invoking command in '/home/ayesh/turtlebot3_ws/build/turtlebot3_maze': CMAKE_PREFIX_PATH=${CMAKE_PREFIX_PATH}:/opt/ros/humble /usr/bin/cmake --build /home/ayesh/turtlebot3_ws/build/turtlebot3_maze -- -j2 -l2
[2.471s] DEBUG:colcon.colcon_core.event_handler.log_command:Invoked command in '/home/ayesh/turtlebot3_ws/build/turtlebot3_maze' returned '0': CMAKE_PREFIX_PATH=${CMAKE_PREFIX_PATH}:/opt/ros/humble /usr/bin/cmake --build /home/ayesh/turtlebot3_ws/build/turtlebot3_maze -- -j2 -l2
[2.511s] DEBUG:colcon.colcon_core.event_handler.log_command:Invoking command in '/home/ayesh/turtlebot3_ws/build/turtlebot3_maze': CMAKE_PREFIX_PATH=${CMAKE_PREFIX_PATH}:/opt/ros/humble /usr/bin/cmake --install /home/ayesh/turtlebot3_ws/build/turtlebot3_maze
[2.842s] Level 1:colcon.colcon_core.environment:create_environment_scripts_only(turtlebot3_maze)
[2.847s] DEBUG:colcon.colcon_core.event_handler.log_command:Invoked command in '/home/ayesh/turtlebot3_ws/build/turtlebot3_maze' returned '0': CMAKE_PREFIX_PATH=${CMAKE_PREFIX_PATH}:/opt/ros/humble /usr/bin/cmake --install /home/ayesh/turtlebot3_ws/build/turtlebot3_maze
[2.874s] Level 1:colcon.colcon_core.environment:checking '/home/ayesh/turtlebot3_ws/install/turtlebot3_maze' for CMake module files
[2.879s] Level 1:colcon.colcon_core.environment:checking '/home/ayesh/turtlebot3_ws/install/turtlebot3_maze' for CMake config files
[2.880s] Level 1:colcon.colcon_core.shell:create_environment_hook('turtlebot3_maze', 'cmake_prefix_path')
[2.883s] INFO:colcon.colcon_core.shell:Creating environment hook '/home/ayesh/turtlebot3_ws/install/turtlebot3_maze/share/turtlebot3_maze/hook/cmake_prefix_path.ps1'
[2.891s] INFO:colcon.colcon_core.shell:Creating environment descriptor '/home/ayesh/turtlebot3_ws/install/turtlebot3_maze/share/turtlebot3_maze/hook/cmake_prefix_path.dsv'
[2.893s] INFO:colcon.colcon_core.shell:Creating environment hook '/home/ayesh/turtlebot3_ws/install/turtlebot3_maze/share/turtlebot3_maze/hook/cmake_prefix_path.sh'
[2.899s] Level 1:colcon.colcon_core.environment:checking '/home/ayesh/turtlebot3_ws/install/turtlebot3_maze/bin'
[2.901s] Level 1:colcon.colcon_core.environment:checking '/home/ayesh/turtlebot3_ws/install/turtlebot3_maze/lib/pkgconfig/turtlebot3_maze.pc'
[2.902s] Level 1:colcon.colcon_core.environment:checking '/home/ayesh/turtlebot3_ws/install/turtlebot3_maze/lib/python3.10/site-packages'
[2.902s] Level 1:colcon.colcon_core.environment:checking '/home/ayesh/turtlebot3_ws/install/turtlebot3_maze/bin'
[2.904s] INFO:colcon.colcon_core.shell:Creating package script '/home/ayesh/turtlebot3_ws/install/turtlebot3_maze/share/turtlebot3_maze/package.ps1'
[2.910s] INFO:colcon.colcon_core.shell:Creating package descriptor '/home/ayesh/turtlebot3_ws/install/turtlebot3_maze/share/turtlebot3_maze/package.dsv'
[2.911s] INFO:colcon.colcon_core.shell:Creating package script '/home/ayesh/turtlebot3_ws/install/turtlebot3_maze/share/turtlebot3_maze/package.sh'
[2.917s] INFO:colcon.colcon_core.shell:Creating package script '/home/ayesh/turtlebot3_ws/install/turtlebot3_maze/share/turtlebot3_maze/package.bash'
[2.922s] INFO:colcon.colcon_core.shell:Creating package script '/home/ayesh/turtlebot3_ws/install/turtlebot3_maze/share/turtlebot3_maze/package.zsh'
[2.926s] Level 1:colcon.colcon_core.environment:create_file_with_runtime_dependencies(/home/ayesh/turtlebot3_ws/install/turtlebot3_maze/share/colcon-core/packages/turtlebot3_maze)
[2.931s] Level 1:colcon.colcon_core.environment:create_environment_scripts_only(turtlebot3_maze)
[2.932s] Level 1:colcon.colcon_core.environment:checking '/home/ayesh/turtlebot3_ws/install/turtlebot3_maze' for CMake module files
[2.933s] Level 1:colcon.colcon_core.environment:checking '/home/ayesh/turtlebot3_ws/install/turtlebot3_maze' for CMake config files
[2.934s] Level 1:colcon.colcon_core.shell:create_environment_hook('turtlebot3_maze', 'cmake_prefix_path')
[2.935s] INFO:colcon.colcon_core.shell:Creating environment hook '/home/ayesh/turtlebot3_ws/install/turtlebot3_maze/share/turtlebot3_maze/hook/cmake_prefix_path.ps1'
[2.938s] INFO:colcon.colcon_core.shell:Creating environment descriptor '/home/ayesh/turtlebot3_ws/install/turtlebot3_maze/share/turtlebot3_maze/hook/cmake_prefix_path.dsv'
[2.941s] INFO:colcon.colcon_core.shell:Creating environment hook '/home/ayesh/turtlebot3_ws/install/turtlebot3_maze/share/turtlebot3_maze/hook/cmake_prefix_path.sh'
[2.944s] Level 1:colcon.colcon_core.environment:checking '/home/ayesh/turtlebot3_ws/install/turtlebot3_maze/bin'
[2.944s] Level 1:colcon.colcon_core.environment:checking '/home/ayesh/turtlebot3_ws/install/turtlebot3_maze/lib/pkgconfig/turtlebot3_maze.pc'
[2.944s] Level 1:colcon.colcon_core.environment:checking '/home/ayesh/turtlebot3_ws/install/turtlebot3_maze/lib/python3.10/site-packages'
[2.944s] Level 1:colcon.colcon_core.environment:checking '/home/ayesh/turtlebot3_ws/install/turtlebot3_maze/bin'
[2.946s] INFO:colcon.colcon_core.shell:Creating package script '/home/ayesh/turtlebot3_ws/install/turtlebot3_maze/share/turtlebot3_maze/package.ps1'
[2.949s] INFO:colcon.colcon_core.shell:Creating package descriptor '/home/ayesh/turtlebot3_ws/install/turtlebot3_maze/share/turtlebot3_maze/package.dsv'
[2.952s] INFO:colcon.colcon_core.shell:Creating package script '/home/ayesh/turtlebot3_ws/install/turtlebot3_maze/share/turtlebot3_maze/package.sh'
[2.956s] INFO:colcon.colcon_core.shell:Creating package script '/home/ayesh/turtlebot3_ws/install/turtlebot3_maze/share/turtlebot3_maze/package.bash'
[2.959s] INFO:colcon.colcon_core.shell:Creating package script '/home/ayesh/turtlebot3_ws/install/turtlebot3_maze/share/turtlebot3_maze/package.zsh'
[2.961s] Level 1:colcon.colcon_core.environment:create_file_with_runtime_dependencies(/home/ayesh/turtlebot3_ws/install/turtlebot3_maze/share/colcon-core/packages/turtlebot3_maze)
[2.964s] DEBUG:colcon.colcon_parallel_executor.executor.parallel:closing loop
[2.968s] DEBUG:colcon.colcon_parallel_executor.executor.parallel:loop closed
[2.968s] DEBUG:colcon.colcon_parallel_executor.executor.parallel:run_until_complete finished with '0'
[2.969s] DEBUG:colcon.colcon_core.event_reactor:joining thread
[3.001s] INFO:colcon.colcon_core.plugin_system:Skipping extension 'colcon_notification.desktop_notification.terminal_notifier': Not used on non-Darwin systems
[3.001s] INFO:colcon.colcon_core.plugin_system:Skipping extension 'colcon_notification.desktop_notification.win32': Not used on non-Windows systems
[3.002s] INFO:colcon.colcon_notification.desktop_notification:Sending desktop notification using 'notify2'
[3.090s] DEBUG:colcon.colcon_core.event_reactor:joined thread
[3.092s] INFO:colcon.colcon_core.shell:Creating prefix script '/home/ayesh/turtlebot3_ws/install/local_setup.ps1'
[3.098s] INFO:colcon.colcon_core.shell:Creating prefix util module '/home/ayesh/turtlebot3_ws/install/_local_setup_util_ps1.py'
[3.109s] INFO:colcon.colcon_core.shell:Creating prefix chain script '/home/ayesh/turtlebot3_ws/install/setup.ps1'
[3.116s] INFO:colcon.colcon_core.shell:Creating prefix script '/home/ayesh/turtlebot3_ws/install/local_setup.sh'
[3.120s] INFO:colcon.colcon_core.shell:Creating prefix util module '/home/ayesh/turtlebot3_ws/install/_local_setup_util_sh.py'
[3.126s] INFO:colcon.colcon_core.shell:Creating prefix chain script '/home/ayesh/turtlebot3_ws/install/setup.sh'
[3.134s] INFO:colcon.colcon_core.shell:Creating prefix script '/home/ayesh/turtlebot3_ws/install/local_setup.bash'
[3.140s] INFO:colcon.colcon_core.shell:Creating prefix chain script '/home/ayesh/turtlebot3_ws/install/setup.bash'
[3.149s] INFO:colcon.colcon_core.shell:Creating prefix script '/home/ayesh/turtlebot3_ws/install/local_setup.zsh'
[3.153s] INFO:colcon.colcon_core.shell:Creating prefix chain script '/home/ayesh/turtlebot3_ws/install/setup.zsh'
