[0.252s] DEBUG:colcon:Command line arguments: ['/usr/bin/colcon', 'build', '--packages-select', 'turtlebot3_maze']
[0.252s] DEBUG:colcon:Parsed command line arguments: Namespace(log_base=None, log_level=None, verb_name='build', build_base='build', install_base='install', merge_install=False, symlink_install=False, test_result_base=None, continue_on_error=False, executor='parallel', parallel_workers=2, event_handlers=None, ignore_user_meta=False, metas=['./colcon.meta'], base_paths=['.'], packages_ignore=None, packages_ignore_regex=None, paths=None, packages_up_to=None, packages_up_to_regex=None, packages_above=None, packages_above_and_dependencies=None, packages_above_depth=None, packages_select_by_dep=None, packages_skip_by_dep=None, packages_skip_up_to=None, packages_select_build_failed=False, packages_skip_build_finished=False, packages_select_test_failures=False, packages_skip_test_passed=False, packages_select=['turtlebot3_maze'], packages_skip=None, packages_select_regex=None, packages_skip_regex=None, packages_start=None, packages_end=None, allow_overriding=[], cmake_args=None, cmake_target=None, cmake_target_skip_unavailable=False, cmake_clean_cache=False, cmake_clean_first=False, cmake_force_configure=False, ament_cmake_args=None, catkin_cmake_args=None, catkin_skip_building_tests=False, mixin_files=None, mixin=None, verb_parser=<colcon_mixin.mixin.mixin_argument.MixinArgumentDecorator object at 0x73b9b9ad9fc0>, verb_extension=<colcon_core.verb.build.BuildVerb object at 0x73b9b9ad9930>, main=<bound method BuildVerb.main of <colcon_core.verb.build.BuildVerb object at 0x73b9b9ad9930>>, mixin_verb=('build',))
[0.535s] Level 1:colcon.colcon_core.package_discovery:discover_packages(colcon_meta) check parameters
[0.535s] Level 1:colcon.colcon_core.package_discovery:discover_packages(recursive) check parameters
[0.535s] Level 1:colcon.colcon_core.package_discovery:discover_packages(ignore) check parameters
[0.535s] Level 1:colcon.colcon_core.package_discovery:discover_packages(path) check parameters
[0.535s] Level 1:colcon.colcon_core.package_discovery:discover_packages(colcon_meta) discover
[0.535s] Level 1:colcon.colcon_core.package_discovery:discover_packages(recursive) discover
[0.535s] INFO:colcon.colcon_core.package_discovery:Crawling recursively for packages in '/home/ayesh/turtlebot3_ws'
[0.535s] Level 1:colcon.colcon_core.package_identification:_identify(.) by extensions ['ignore', 'ignore_ament_install']
[0.535s] Level 1:colcon.colcon_core.package_identification:_identify(.) by extension 'ignore'
[0.535s] Level 1:colcon.colcon_core.package_identification:_identify(.) by extension 'ignore_ament_install'
[0.535s] Level 1:colcon.colcon_core.package_identification:_identify(.) by extensions ['colcon_pkg']
[0.535s] Level 1:colcon.colcon_core.package_identification:_identify(.) by extension 'colcon_pkg'
[0.535s] Level 1:colcon.colcon_core.package_identification:_identify(.) by extensions ['colcon_meta']
[0.535s] Level 1:colcon.colcon_core.package_identification:_identify(.) by extension 'colcon_meta'
[0.536s] Level 1:colcon.colcon_core.package_identification:_identify(.) by extensions ['ros']
[0.536s] Level 1:colcon.colcon_core.package_identification:_identify(.) by extension 'ros'
[0.550s] Level 1:colcon.colcon_core.package_identification:_identify(.) by extensions ['cmake', 'python']
[0.550s] Level 1:colcon.colcon_core.package_identification:_identify(.) by extension 'cmake'
[0.550s] Level 1:colcon.colcon_core.package_identification:_identify(.) by extension 'python'
[0.550s] Level 1:colcon.colcon_core.package_identification:_identify(.) by extensions ['python_setup_py']
[0.550s] Level 1:colcon.colcon_core.package_identification:_identify(.) by extension 'python_setup_py'
[0.551s] Level 1:colcon.colcon_core.package_identification:_identify(build) by extensions ['ignore', 'ignore_ament_install']
[0.551s] Level 1:colcon.colcon_core.package_identification:_identify(build) by extension 'ignore'
[0.551s] Level 1:colcon.colcon_core.package_identification:_identify(build) ignored
[0.551s] Level 1:colcon.colcon_core.package_identification:_identify(install) by extensions ['ignore', 'ignore_ament_install']
[0.551s] Level 1:colcon.colcon_core.package_identification:_identify(install) by extension 'ignore'
[0.551s] Level 1:colcon.colcon_core.package_identification:_identify(install) ignored
[0.551s] Level 1:colcon.colcon_core.package_identification:_identify(log) by extensions ['ignore', 'ignore_ament_install']
[0.551s] Level 1:colcon.colcon_core.package_identification:_identify(log) by extension 'ignore'
[0.551s] Level 1:colcon.colcon_core.package_identification:_identify(log) ignored
[0.551s] Level 1:colcon.colcon_core.package_identification:_identify(src) by extensions ['ignore', 'ignore_ament_install']
[0.552s] Level 1:colcon.colcon_core.package_identification:_identify(src) by extension 'ignore'
[0.552s] Level 1:colcon.colcon_core.package_identification:_identify(src) by extension 'ignore_ament_install'
[0.552s] Level 1:colcon.colcon_core.package_identification:_identify(src) by extensions ['colcon_pkg']
[0.552s] Level 1:colcon.colcon_core.package_identification:_identify(src) by extension 'colcon_pkg'
[0.552s] Level 1:colcon.colcon_core.package_identification:_identify(src) by extensions ['colcon_meta']
[0.552s] Level 1:colcon.colcon_core.package_identification:_identify(src) by extension 'colcon_meta'
[0.552s] Level 1:colcon.colcon_core.package_identification:_identify(src) by extensions ['ros']
[0.552s] Level 1:colcon.colcon_core.package_identification:_identify(src) by extension 'ros'
[0.552s] Level 1:colcon.colcon_core.package_identification:_identify(src) by extensions ['cmake', 'python']
[0.552s] Level 1:colcon.colcon_core.package_identification:_identify(src) by extension 'cmake'
[0.552s] Level 1:colcon.colcon_core.package_identification:_identify(src) by extension 'python'
[0.552s] Level 1:colcon.colcon_core.package_identification:_identify(src) by extensions ['python_setup_py']
[0.552s] Level 1:colcon.colcon_core.package_identification:_identify(src) by extension 'python_setup_py'
[0.552s] Level 1:colcon.colcon_core.package_identification:_identify(src/turtlebot3_maze) by extensions ['ignore', 'ignore_ament_install']
[0.552s] Level 1:colcon.colcon_core.package_identification:_identify(src/turtlebot3_maze) by extension 'ignore'
[0.552s] Level 1:colcon.colcon_core.package_identification:_identify(src/turtlebot3_maze) by extension 'ignore_ament_install'
[0.552s] Level 1:colcon.colcon_core.package_identification:_identify(src/turtlebot3_maze) by extensions ['colcon_pkg']
[0.552s] Level 1:colcon.colcon_core.package_identification:_identify(src/turtlebot3_maze) by extension 'colcon_pkg'
[0.552s] Level 1:colcon.colcon_core.package_identification:_identify(src/turtlebot3_maze) by extensions ['colcon_meta']
[0.552s] Level 1:colcon.colcon_core.package_identification:_identify(src/turtlebot3_maze) by extension 'colcon_meta'
[0.552s] Level 1:colcon.colcon_core.package_identification:_identify(src/turtlebot3_maze) by extensions ['ros']
[0.552s] Level 1:colcon.colcon_core.package_identification:_identify(src/turtlebot3_maze) by extension 'ros'
[0.557s] DEBUG:colcon.colcon_core.package_identification:Package 'src/turtlebot3_maze' with type 'ros.ament_cmake' and name 'turtlebot3_maze'
[0.557s] Level 1:colcon.colcon_core.package_discovery:discover_packages(recursive) using defaults
[0.557s] Level 1:colcon.colcon_core.package_discovery:discover_packages(ignore) discover
[0.557s] Level 1:colcon.colcon_core.package_discovery:discover_packages(ignore) using defaults
[0.557s] Level 1:colcon.colcon_core.package_discovery:discover_packages(path) discover
[0.557s] Level 1:colcon.colcon_core.package_discovery:discover_packages(path) using defaults
[0.642s] Level 1:colcon.colcon_core.package_discovery:discover_packages(prefix_path) check parameters
[0.642s] Level 1:colcon.colcon_core.package_discovery:discover_packages(prefix_path) discover
[0.648s] DEBUG:colcon.colcon_installed_package_information.package_discovery:Found 371 installed packages in /opt/ros/humble
[0.649s] Level 1:colcon.colcon_core.package_discovery:discover_packages(prefix_path) using defaults
[0.701s] Level 5:colcon.colcon_core.verb:set package 'turtlebot3_maze' build argument 'cmake_args' from command line to 'None'
[0.701s] Level 5:colcon.colcon_core.verb:set package 'turtlebot3_maze' build argument 'cmake_target' from command line to 'None'
[0.701s] Level 5:colcon.colcon_core.verb:set package 'turtlebot3_maze' build argument 'cmake_target_skip_unavailable' from command line to 'False'
[0.701s] Level 5:colcon.colcon_core.verb:set package 'turtlebot3_maze' build argument 'cmake_clean_cache' from command line to 'False'
[0.701s] Level 5:colcon.colcon_core.verb:set package 'turtlebot3_maze' build argument 'cmake_clean_first' from command line to 'False'
[0.701s] Level 5:colcon.colcon_core.verb:set package 'turtlebot3_maze' build argument 'cmake_force_configure' from command line to 'False'
[0.701s] Level 5:colcon.colcon_core.verb:set package 'turtlebot3_maze' build argument 'ament_cmake_args' from command line to 'None'
[0.701s] Level 5:colcon.colcon_core.verb:set package 'turtlebot3_maze' build argument 'catkin_cmake_args' from command line to 'None'
[0.701s] Level 5:colcon.colcon_core.verb:set package 'turtlebot3_maze' build argument 'catkin_skip_building_tests' from command line to 'False'
[0.702s] DEBUG:colcon.colcon_core.verb:Building package 'turtlebot3_maze' with the following arguments: {'ament_cmake_args': None, 'build_base': '/home/ayesh/turtlebot3_ws/build/turtlebot3_maze', 'catkin_cmake_args': None, 'catkin_skip_building_tests': False, 'cmake_args': None, 'cmake_clean_cache': False, 'cmake_clean_first': False, 'cmake_force_configure': False, 'cmake_target': None, 'cmake_target_skip_unavailable': False, 'install_base': '/home/ayesh/turtlebot3_ws/install/turtlebot3_maze', 'merge_install': False, 'path': '/home/ayesh/turtlebot3_ws/src/turtlebot3_maze', 'symlink_install': False, 'test_result_base': None}
[0.702s] INFO:colcon.colcon_core.executor:Executing jobs using 'parallel' executor
[0.703s] DEBUG:colcon.colcon_parallel_executor.executor.parallel:run_until_complete
[0.704s] INFO:colcon.colcon_ros.task.ament_cmake.build:Building ROS package in '/home/ayesh/turtlebot3_ws/src/turtlebot3_maze' with build type 'ament_cmake'
[0.704s] INFO:colcon.colcon_cmake.task.cmake.build:Building CMake package in '/home/ayesh/turtlebot3_ws/src/turtlebot3_maze'
[0.713s] INFO:colcon.colcon_core.plugin_system:Skipping extension 'colcon_core.shell.bat': Not used on non-Windows systems
[0.713s] INFO:colcon.colcon_core.shell:Skip shell extension 'powershell' for command environment: Not usable outside of PowerShell
[0.713s] DEBUG:colcon.colcon_core.shell:Skip shell extension 'dsv' for command environment
[0.725s] DEBUG:colcon.colcon_core.event_handler.log_command:Invoking command in '/home/ayesh/turtlebot3_ws/build/turtlebot3_maze': CMAKE_PREFIX_PATH=/opt/ros/humble /usr/bin/cmake /home/ayesh/turtlebot3_ws/src/turtlebot3_maze -DCMAKE_INSTALL_PREFIX=/home/ayesh/turtlebot3_ws/install/turtlebot3_maze
[1.584s] DEBUG:colcon.colcon_core.event_handler.log_command:Invoked command in '/home/ayesh/turtlebot3_ws/build/turtlebot3_maze' returned '0': CMAKE_PREFIX_PATH=/opt/ros/humble /usr/bin/cmake /home/ayesh/turtlebot3_ws/src/turtlebot3_maze -DCMAKE_INSTALL_PREFIX=/home/ayesh/turtlebot3_ws/install/turtlebot3_maze
[1.595s] DEBUG:colcon.colcon_core.event_handler.log_command:Invoking command in '/home/ayesh/turtlebot3_ws/build/turtlebot3_maze': CMAKE_PREFIX_PATH=/opt/ros/humble /usr/bin/cmake --build /home/ayesh/turtlebot3_ws/build/turtlebot3_maze -- -j2 -l2
[2.454s] DEBUG:colcon.colcon_core.event_handler.log_command:Invoked command in '/home/ayesh/turtlebot3_ws/build/turtlebot3_maze' returned '0': CMAKE_PREFIX_PATH=/opt/ros/humble /usr/bin/cmake --build /home/ayesh/turtlebot3_ws/build/turtlebot3_maze -- -j2 -l2
[2.479s] DEBUG:colcon.colcon_core.event_handler.log_command:Invoking command in '/home/ayesh/turtlebot3_ws/build/turtlebot3_maze': CMAKE_PREFIX_PATH=/opt/ros/humble /usr/bin/cmake --install /home/ayesh/turtlebot3_ws/build/turtlebot3_maze
[2.746s] Level 1:colcon.colcon_core.environment:create_environment_scripts_only(turtlebot3_maze)
[2.746s] DEBUG:colcon.colcon_core.event_handler.log_command:Invoked command in '/home/ayesh/turtlebot3_ws/build/turtlebot3_maze' returned '0': CMAKE_PREFIX_PATH=/opt/ros/humble /usr/bin/cmake --install /home/ayesh/turtlebot3_ws/build/turtlebot3_maze
[2.758s] Level 1:colcon.colcon_core.environment:checking '/home/ayesh/turtlebot3_ws/install/turtlebot3_maze' for CMake module files
[2.759s] Level 1:colcon.colcon_core.environment:checking '/home/ayesh/turtlebot3_ws/install/turtlebot3_maze' for CMake config files
[2.761s] Level 1:colcon.colcon_core.shell:create_environment_hook('turtlebot3_maze', 'cmake_prefix_path')
[2.762s] INFO:colcon.colcon_core.shell:Creating environment hook '/home/ayesh/turtlebot3_ws/install/turtlebot3_maze/share/turtlebot3_maze/hook/cmake_prefix_path.ps1'
[2.763s] INFO:colcon.colcon_core.shell:Creating environment descriptor '/home/ayesh/turtlebot3_ws/install/turtlebot3_maze/share/turtlebot3_maze/hook/cmake_prefix_path.dsv'
[2.767s] INFO:colcon.colcon_core.shell:Creating environment hook '/home/ayesh/turtlebot3_ws/install/turtlebot3_maze/share/turtlebot3_maze/hook/cmake_prefix_path.sh'
[2.769s] Level 1:colcon.colcon_core.environment:checking '/home/ayesh/turtlebot3_ws/install/turtlebot3_maze/bin'
[2.770s] Level 1:colcon.colcon_core.environment:checking '/home/ayesh/turtlebot3_ws/install/turtlebot3_maze/lib/pkgconfig/turtlebot3_maze.pc'
[2.770s] Level 1:colcon.colcon_core.environment:checking '/home/ayesh/turtlebot3_ws/install/turtlebot3_maze/lib/python3.10/site-packages'
[2.771s] Level 1:colcon.colcon_core.environment:checking '/home/ayesh/turtlebot3_ws/install/turtlebot3_maze/bin'
[2.771s] INFO:colcon.colcon_core.shell:Creating package script '/home/ayesh/turtlebot3_ws/install/turtlebot3_maze/share/turtlebot3_maze/package.ps1'
[2.777s] INFO:colcon.colcon_core.shell:Creating package descriptor '/home/ayesh/turtlebot3_ws/install/turtlebot3_maze/share/turtlebot3_maze/package.dsv'
[2.780s] INFO:colcon.colcon_core.shell:Creating package script '/home/ayesh/turtlebot3_ws/install/turtlebot3_maze/share/turtlebot3_maze/package.sh'
[2.783s] INFO:colcon.colcon_core.shell:Creating package script '/home/ayesh/turtlebot3_ws/install/turtlebot3_maze/share/turtlebot3_maze/package.bash'
[2.786s] INFO:colcon.colcon_core.shell:Creating package script '/home/ayesh/turtlebot3_ws/install/turtlebot3_maze/share/turtlebot3_maze/package.zsh'
[2.790s] Level 1:colcon.colcon_core.environment:create_file_with_runtime_dependencies(/home/ayesh/turtlebot3_ws/install/turtlebot3_maze/share/colcon-core/packages/turtlebot3_maze)
[2.792s] Level 1:colcon.colcon_core.environment:create_environment_scripts_only(turtlebot3_maze)
[2.792s] Level 1:colcon.colcon_core.environment:checking '/home/ayesh/turtlebot3_ws/install/turtlebot3_maze' for CMake module files
[2.794s] Level 1:colcon.colcon_core.environment:checking '/home/ayesh/turtlebot3_ws/install/turtlebot3_maze' for CMake config files
[2.794s] Level 1:colcon.colcon_core.shell:create_environment_hook('turtlebot3_maze', 'cmake_prefix_path')
[2.794s] INFO:colcon.colcon_core.shell:Creating environment hook '/home/ayesh/turtlebot3_ws/install/turtlebot3_maze/share/turtlebot3_maze/hook/cmake_prefix_path.ps1'
[2.795s] INFO:colcon.colcon_core.shell:Creating environment descriptor '/home/ayesh/turtlebot3_ws/install/turtlebot3_maze/share/turtlebot3_maze/hook/cmake_prefix_path.dsv'
[2.796s] INFO:colcon.colcon_core.shell:Creating environment hook '/home/ayesh/turtlebot3_ws/install/turtlebot3_maze/share/turtlebot3_maze/hook/cmake_prefix_path.sh'
[2.798s] Level 1:colcon.colcon_core.environment:checking '/home/ayesh/turtlebot3_ws/install/turtlebot3_maze/bin'
[2.798s] Level 1:colcon.colcon_core.environment:checking '/home/ayesh/turtlebot3_ws/install/turtlebot3_maze/lib/pkgconfig/turtlebot3_maze.pc'
[2.798s] Level 1:colcon.colcon_core.environment:checking '/home/ayesh/turtlebot3_ws/install/turtlebot3_maze/lib/python3.10/site-packages'
[2.798s] Level 1:colcon.colcon_core.environment:checking '/home/ayesh/turtlebot3_ws/install/turtlebot3_maze/bin'
[2.800s] INFO:colcon.colcon_core.shell:Creating package script '/home/ayesh/turtlebot3_ws/install/turtlebot3_maze/share/turtlebot3_maze/package.ps1'
[2.802s] INFO:colcon.colcon_core.shell:Creating package descriptor '/home/ayesh/turtlebot3_ws/install/turtlebot3_maze/share/turtlebot3_maze/package.dsv'
[2.803s] INFO:colcon.colcon_core.shell:Creating package script '/home/ayesh/turtlebot3_ws/install/turtlebot3_maze/share/turtlebot3_maze/package.sh'
[2.804s] INFO:colcon.colcon_core.shell:Creating package script '/home/ayesh/turtlebot3_ws/install/turtlebot3_maze/share/turtlebot3_maze/package.bash'
[2.808s] INFO:colcon.colcon_core.shell:Creating package script '/home/ayesh/turtlebot3_ws/install/turtlebot3_maze/share/turtlebot3_maze/package.zsh'
[2.808s] Level 1:colcon.colcon_core.environment:create_file_with_runtime_dependencies(/home/ayesh/turtlebot3_ws/install/turtlebot3_maze/share/colcon-core/packages/turtlebot3_maze)
[2.810s] DEBUG:colcon.colcon_parallel_executor.executor.parallel:closing loop
[2.811s] DEBUG:colcon.colcon_parallel_executor.executor.parallel:loop closed
[2.811s] DEBUG:colcon.colcon_parallel_executor.executor.parallel:run_until_complete finished with '0'
[2.811s] DEBUG:colcon.colcon_core.event_reactor:joining thread
[2.831s] INFO:colcon.colcon_core.plugin_system:Skipping extension 'colcon_notification.desktop_notification.terminal_notifier': Not used on non-Darwin systems
[2.831s] INFO:colcon.colcon_core.plugin_system:Skipping extension 'colcon_notification.desktop_notification.win32': Not used on non-Windows systems
[2.831s] INFO:colcon.colcon_notification.desktop_notification:Sending desktop notification using 'notify2'
[2.899s] DEBUG:colcon.colcon_core.event_reactor:joined thread
[2.899s] INFO:colcon.colcon_core.shell:Creating prefix script '/home/ayesh/turtlebot3_ws/install/local_setup.ps1'
[2.902s] INFO:colcon.colcon_core.shell:Creating prefix util module '/home/ayesh/turtlebot3_ws/install/_local_setup_util_ps1.py'
[2.905s] INFO:colcon.colcon_core.shell:Creating prefix chain script '/home/ayesh/turtlebot3_ws/install/setup.ps1'
[2.907s] INFO:colcon.colcon_core.shell:Creating prefix script '/home/ayesh/turtlebot3_ws/install/local_setup.sh'
[2.910s] INFO:colcon.colcon_core.shell:Creating prefix util module '/home/ayesh/turtlebot3_ws/install/_local_setup_util_sh.py'
[2.910s] INFO:colcon.colcon_core.shell:Creating prefix chain script '/home/ayesh/turtlebot3_ws/install/setup.sh'
[2.915s] INFO:colcon.colcon_core.shell:Creating prefix script '/home/ayesh/turtlebot3_ws/install/local_setup.bash'
[2.923s] INFO:colcon.colcon_core.shell:Creating prefix chain script '/home/ayesh/turtlebot3_ws/install/setup.bash'
[2.935s] INFO:colcon.colcon_core.shell:Creating prefix script '/home/ayesh/turtlebot3_ws/install/local_setup.zsh'
[2.937s] INFO:colcon.colcon_core.shell:Creating prefix chain script '/home/ayesh/turtlebot3_ws/install/setup.zsh'
