-- Found ament_cmake: 1.3.12 (/opt/ros/humble/share/ament_cmake/cmake)
-- Override CMake install command with custom implementation using symlinks instead of copying resources
-- Configuring done
-- Generating done
-- Build files have been written to: /home/ayesh/turtlebot3_ws/build/turtlebot3_maze
Built target ament_cmake_python_symlink_turtlebot3_maze
running egg_info
writing turtlebot3_maze.egg-info/PKG-INFO
writing dependency_links to turtlebot3_maze.egg-info/dependency_links.txt
writing top-level names to turtlebot3_maze.egg-info/top_level.txt
reading manifest file 'turtlebot3_maze.egg-info/SOURCES.txt'
writing manifest file 'turtlebot3_maze.egg-info/SOURCES.txt'
Built target ament_cmake_python_build_turtlebot3_maze_egg
-- Install configuration: ""
-- Execute custom install script
-- Up-to-date symlink: /home/ayesh/turtlebot3_ws/install/turtlebot3_maze/share/turtlebot3_maze/environment/pythonpath.sh
-- Up-to-date symlink: /home/ayesh/turtlebot3_ws/install/turtlebot3_maze/share/turtlebot3_maze/environment/pythonpath.dsv
-- Up-to-date symlink: /home/ayesh/turtlebot3_ws/install/turtlebot3_maze/local/lib/python3.10/dist-packages/turtlebot3_maze-1.2.0-py3.10.egg-info/PKG-INFO
-- Up-to-date symlink: /home/ayesh/turtlebot3_ws/install/turtlebot3_maze/local/lib/python3.10/dist-packages/turtlebot3_maze-1.2.0-py3.10.egg-info/SOURCES.txt
-- Up-to-date symlink: /home/ayesh/turtlebot3_ws/install/turtlebot3_maze/local/lib/python3.10/dist-packages/turtlebot3_maze-1.2.0-py3.10.egg-info/dependency_links.txt
-- Up-to-date symlink: /home/ayesh/turtlebot3_ws/install/turtlebot3_maze/local/lib/python3.10/dist-packages/turtlebot3_maze-1.2.0-py3.10.egg-info/top_level.txt
-- Up-to-date symlink: /home/ayesh/turtlebot3_ws/install/turtlebot3_maze/local/lib/python3.10/dist-packages/turtlebot3_maze/__init__.py
-- Up-to-date symlink: /home/ayesh/turtlebot3_ws/install/turtlebot3_maze/local/lib/python3.10/dist-packages/turtlebot3_maze/dqn_agent.py
-- Up-to-date symlink: /home/ayesh/turtlebot3_ws/install/turtlebot3_maze/local/lib/python3.10/dist-packages/turtlebot3_maze/dqn_navigation.py
-- Up-to-date symlink: /home/ayesh/turtlebot3_ws/install/turtlebot3_maze/local/lib/python3.10/dist-packages/turtlebot3_maze/generate_assignment_maze.py
-- Symlinking: /home/ayesh/turtlebot3_ws/install/turtlebot3_maze/local/lib/python3.10/dist-packages/turtlebot3_maze/goal_navigator.py
-- Up-to-date symlink: /home/ayesh/turtlebot3_ws/install/turtlebot3_maze/local/lib/python3.10/dist-packages/turtlebot3_maze/maze_generator.py
-- Up-to-date symlink: /home/ayesh/turtlebot3_ws/install/turtlebot3_maze/local/lib/python3.10/dist-packages/turtlebot3_maze/maze_gui.py
-- Up-to-date symlink: /home/ayesh/turtlebot3_ws/install/turtlebot3_maze/local/lib/python3.10/dist-packages/turtlebot3_maze/performance_tester.py
-- Up-to-date symlink: /home/ayesh/turtlebot3_ws/install/turtlebot3_maze/local/lib/python3.10/dist-packages/turtlebot3_maze/setup.py
-- Symlinking: /home/ayesh/turtlebot3_ws/install/turtlebot3_maze/share/turtlebot3_maze/launch/autonomous_navigation.launch.py
-- Up-to-date symlink: /home/ayesh/turtlebot3_ws/install/turtlebot3_maze/share/turtlebot3_maze/launch/dqn_navigation.launch.py
-- Up-to-date symlink: /home/ayesh/turtlebot3_ws/install/turtlebot3_maze/share/turtlebot3_maze/launch/gazebo_only.launch.py
-- Up-to-date symlink: /home/ayesh/turtlebot3_ws/install/turtlebot3_maze/share/turtlebot3_maze/launch/navigation.launch.py
-- Up-to-date symlink: /home/ayesh/turtlebot3_ws/install/turtlebot3_maze/share/turtlebot3_maze/launch/slam.launch.py
-- Up-to-date symlink: /home/ayesh/turtlebot3_ws/install/turtlebot3_maze/share/turtlebot3_maze/launch/test_headless.launch.py
-- Up-to-date symlink: /home/ayesh/turtlebot3_ws/install/turtlebot3_maze/share/turtlebot3_maze/config/dqn_config.yaml
-- Up-to-date symlink: /home/ayesh/turtlebot3_ws/install/turtlebot3_maze/share/turtlebot3_maze/config/nav2_params.yaml
-- Up-to-date symlink: /home/ayesh/turtlebot3_ws/install/turtlebot3_maze/share/turtlebot3_maze/config/slam_params.yaml
-- Up-to-date symlink: /home/ayesh/turtlebot3_ws/install/turtlebot3_maze/share/turtlebot3_maze/worlds/empty.world
-- Up-to-date symlink: /home/ayesh/turtlebot3_ws/install/turtlebot3_maze/share/turtlebot3_maze/worlds/final_maze.world
-- Up-to-date symlink: /home/ayesh/turtlebot3_ws/install/turtlebot3_maze/share/turtlebot3_maze/worlds/maze_assignment.world
-- Up-to-date symlink: /home/ayesh/turtlebot3_ws/install/turtlebot3_maze/share/turtlebot3_maze/worlds/maze_complex.world
-- Up-to-date symlink: /home/ayesh/turtlebot3_ws/install/turtlebot3_maze/share/turtlebot3_maze/worlds/maze_simple.world
-- Symlinking: /home/ayesh/turtlebot3_ws/install/turtlebot3_maze/share/turtlebot3_maze/worlds/square_maze.world
-- Up-to-date symlink: /home/ayesh/turtlebot3_ws/install/turtlebot3_maze/share/turtlebot3_maze/rviz/navigation.rviz
-- Up-to-date symlink: /home/ayesh/turtlebot3_ws/install/turtlebot3_maze/share/turtlebot3_maze/rviz/slam.rviz
-- Up-to-date symlink: /home/ayesh/turtlebot3_ws/install/turtlebot3_maze/share/turtlebot3_maze/models/.gitkeep
-- Up-to-date symlink: /home/ayesh/turtlebot3_ws/install/turtlebot3_maze/share/ament_index/resource_index/package_run_dependencies/turtlebot3_maze
-- Up-to-date symlink: /home/ayesh/turtlebot3_ws/install/turtlebot3_maze/share/ament_index/resource_index/parent_prefix_path/turtlebot3_maze
-- Up-to-date symlink: /home/ayesh/turtlebot3_ws/install/turtlebot3_maze/share/turtlebot3_maze/environment/ament_prefix_path.sh
-- Up-to-date symlink: /home/ayesh/turtlebot3_ws/install/turtlebot3_maze/share/turtlebot3_maze/environment/ament_prefix_path.dsv
-- Up-to-date symlink: /home/ayesh/turtlebot3_ws/install/turtlebot3_maze/share/turtlebot3_maze/environment/path.sh
-- Up-to-date symlink: /home/ayesh/turtlebot3_ws/install/turtlebot3_maze/share/turtlebot3_maze/environment/path.dsv
-- Up-to-date symlink: /home/ayesh/turtlebot3_ws/install/turtlebot3_maze/share/turtlebot3_maze/local_setup.bash
-- Up-to-date symlink: /home/ayesh/turtlebot3_ws/install/turtlebot3_maze/share/turtlebot3_maze/local_setup.sh
-- Up-to-date symlink: /home/ayesh/turtlebot3_ws/install/turtlebot3_maze/share/turtlebot3_maze/local_setup.zsh
-- Up-to-date symlink: /home/ayesh/turtlebot3_ws/install/turtlebot3_maze/share/turtlebot3_maze/local_setup.dsv
-- Symlinking: /home/ayesh/turtlebot3_ws/install/turtlebot3_maze/share/turtlebot3_maze/package.dsv
-- Up-to-date symlink: /home/ayesh/turtlebot3_ws/install/turtlebot3_maze/share/ament_index/resource_index/packages/turtlebot3_maze
-- Up-to-date symlink: /home/ayesh/turtlebot3_ws/install/turtlebot3_maze/share/turtlebot3_maze/cmake/turtlebot3_mazeConfig.cmake
-- Up-to-date symlink: /home/ayesh/turtlebot3_ws/install/turtlebot3_maze/share/turtlebot3_maze/cmake/turtlebot3_mazeConfig-version.cmake
-- Up-to-date symlink: /home/ayesh/turtlebot3_ws/install/turtlebot3_maze/share/turtlebot3_maze/package.xml
Listing '/home/ayesh/turtlebot3_ws/install/turtlebot3_maze/local/lib/python3.10/dist-packages/turtlebot3_maze'...
Compiling '/home/ayesh/turtlebot3_ws/install/turtlebot3_maze/local/lib/python3.10/dist-packages/turtlebot3_maze/goal_navigator.py'...
Compiling '/home/ayesh/turtlebot3_ws/install/turtlebot3_maze/local/lib/python3.10/dist-packages/turtlebot3_maze/setup.py'...
