[0.020s] Invoking command in '/home/ayesh/turtlebot3_ws/build/turtlebot3_maze': CMAKE_PREFIX_PATH=/opt/ros/humble /usr/bin/cmake /home/ayesh/turtlebot3_ws/src/turtlebot3_maze -DCMAKE_INSTALL_PREFIX=/home/ayesh/turtlebot3_ws/install/turtlebot3_maze
[0.139s] -- Found ament_cmake: 1.3.12 (/opt/ros/humble/share/ament_cmake/cmake)
[0.468s] -- Override CMake install command with custom implementation using symlinks instead of copying resources
[0.839s] -- Configuring done
[0.860s] -- Generating done
[0.870s] -- Build files have been written to: /home/ayesh/turtlebot3_ws/build/turtlebot3_maze
[0.879s] Invoked command in '/home/ayesh/turtlebot3_ws/build/turtlebot3_maze' returned '0': CMAKE_PREFIX_PATH=/opt/ros/humble /usr/bin/cmake /home/ayesh/turtlebot3_ws/src/turtlebot3_maze -DCMAKE_INSTALL_PREFIX=/home/ayesh/turtlebot3_ws/install/turtlebot3_maze
[0.890s] Invoking command in '/home/ayesh/turtlebot3_ws/build/turtlebot3_maze': CMAKE_PREFIX_PATH=/opt/ros/humble /usr/bin/cmake --build /home/ayesh/turtlebot3_ws/build/turtlebot3_maze -- -j2 -l2
[1.094s] Built target ament_cmake_python_symlink_turtlebot3_maze
[1.633s] running egg_info
[1.634s] writing turtlebot3_maze.egg-info/PKG-INFO
[1.635s] writing dependency_links to turtlebot3_maze.egg-info/dependency_links.txt
[1.638s] writing top-level names to turtlebot3_maze.egg-info/top_level.txt
[1.644s] reading manifest file 'turtlebot3_maze.egg-info/SOURCES.txt'
[1.647s] writing manifest file 'turtlebot3_maze.egg-info/SOURCES.txt'
[1.721s] Built target ament_cmake_python_build_turtlebot3_maze_egg
[1.749s] Invoked command in '/home/ayesh/turtlebot3_ws/build/turtlebot3_maze' returned '0': CMAKE_PREFIX_PATH=/opt/ros/humble /usr/bin/cmake --build /home/ayesh/turtlebot3_ws/build/turtlebot3_maze -- -j2 -l2
[1.775s] Invoking command in '/home/ayesh/turtlebot3_ws/build/turtlebot3_maze': CMAKE_PREFIX_PATH=/opt/ros/humble /usr/bin/cmake --install /home/ayesh/turtlebot3_ws/build/turtlebot3_maze
[1.806s] -- Install configuration: ""
[1.807s] -- Execute custom install script
[1.808s] -- Up-to-date symlink: /home/ayesh/turtlebot3_ws/install/turtlebot3_maze/share/turtlebot3_maze/environment/pythonpath.sh
[1.808s] -- Up-to-date symlink: /home/ayesh/turtlebot3_ws/install/turtlebot3_maze/share/turtlebot3_maze/environment/pythonpath.dsv
[1.808s] -- Up-to-date symlink: /home/ayesh/turtlebot3_ws/install/turtlebot3_maze/local/lib/python3.10/dist-packages/turtlebot3_maze-1.2.0-py3.10.egg-info/PKG-INFO
[1.808s] -- Up-to-date symlink: /home/ayesh/turtlebot3_ws/install/turtlebot3_maze/local/lib/python3.10/dist-packages/turtlebot3_maze-1.2.0-py3.10.egg-info/SOURCES.txt
[1.808s] -- Up-to-date symlink: /home/ayesh/turtlebot3_ws/install/turtlebot3_maze/local/lib/python3.10/dist-packages/turtlebot3_maze-1.2.0-py3.10.egg-info/dependency_links.txt
[1.808s] -- Up-to-date symlink: /home/ayesh/turtlebot3_ws/install/turtlebot3_maze/local/lib/python3.10/dist-packages/turtlebot3_maze-1.2.0-py3.10.egg-info/top_level.txt
[1.808s] -- Up-to-date symlink: /home/ayesh/turtlebot3_ws/install/turtlebot3_maze/local/lib/python3.10/dist-packages/turtlebot3_maze/__init__.py
[1.809s] -- Up-to-date symlink: /home/ayesh/turtlebot3_ws/install/turtlebot3_maze/local/lib/python3.10/dist-packages/turtlebot3_maze/dqn_agent.py
[1.810s] -- Up-to-date symlink: /home/ayesh/turtlebot3_ws/install/turtlebot3_maze/local/lib/python3.10/dist-packages/turtlebot3_maze/dqn_navigation.py
[1.810s] -- Up-to-date symlink: /home/ayesh/turtlebot3_ws/install/turtlebot3_maze/local/lib/python3.10/dist-packages/turtlebot3_maze/generate_assignment_maze.py
[1.810s] -- Symlinking: /home/ayesh/turtlebot3_ws/install/turtlebot3_maze/local/lib/python3.10/dist-packages/turtlebot3_maze/goal_navigator.py
[1.841s] -- Up-to-date symlink: /home/ayesh/turtlebot3_ws/install/turtlebot3_maze/local/lib/python3.10/dist-packages/turtlebot3_maze/maze_generator.py
[1.842s] -- Up-to-date symlink: /home/ayesh/turtlebot3_ws/install/turtlebot3_maze/local/lib/python3.10/dist-packages/turtlebot3_maze/maze_gui.py
[1.844s] -- Up-to-date symlink: /home/ayesh/turtlebot3_ws/install/turtlebot3_maze/local/lib/python3.10/dist-packages/turtlebot3_maze/performance_tester.py
[1.844s] -- Up-to-date symlink: /home/ayesh/turtlebot3_ws/install/turtlebot3_maze/local/lib/python3.10/dist-packages/turtlebot3_maze/setup.py
[1.844s] -- Symlinking: /home/ayesh/turtlebot3_ws/install/turtlebot3_maze/share/turtlebot3_maze/launch/autonomous_navigation.launch.py
[1.877s] -- Up-to-date symlink: /home/ayesh/turtlebot3_ws/install/turtlebot3_maze/share/turtlebot3_maze/launch/dqn_navigation.launch.py
[1.881s] -- Up-to-date symlink: /home/ayesh/turtlebot3_ws/install/turtlebot3_maze/share/turtlebot3_maze/launch/gazebo_only.launch.py
[1.882s] -- Up-to-date symlink: /home/ayesh/turtlebot3_ws/install/turtlebot3_maze/share/turtlebot3_maze/launch/navigation.launch.py
[1.882s] -- Up-to-date symlink: /home/ayesh/turtlebot3_ws/install/turtlebot3_maze/share/turtlebot3_maze/launch/slam.launch.py
[1.882s] -- Up-to-date symlink: /home/ayesh/turtlebot3_ws/install/turtlebot3_maze/share/turtlebot3_maze/launch/test_headless.launch.py
[1.882s] -- Up-to-date symlink: /home/ayesh/turtlebot3_ws/install/turtlebot3_maze/share/turtlebot3_maze/config/dqn_config.yaml
[1.883s] -- Up-to-date symlink: /home/ayesh/turtlebot3_ws/install/turtlebot3_maze/share/turtlebot3_maze/config/nav2_params.yaml
[1.883s] -- Up-to-date symlink: /home/ayesh/turtlebot3_ws/install/turtlebot3_maze/share/turtlebot3_maze/config/slam_params.yaml
[1.883s] -- Up-to-date symlink: /home/ayesh/turtlebot3_ws/install/turtlebot3_maze/share/turtlebot3_maze/worlds/empty.world
[1.883s] -- Up-to-date symlink: /home/ayesh/turtlebot3_ws/install/turtlebot3_maze/share/turtlebot3_maze/worlds/final_maze.world
[1.883s] -- Up-to-date symlink: /home/ayesh/turtlebot3_ws/install/turtlebot3_maze/share/turtlebot3_maze/worlds/maze_assignment.world
[1.883s] -- Up-to-date symlink: /home/ayesh/turtlebot3_ws/install/turtlebot3_maze/share/turtlebot3_maze/worlds/maze_complex.world
[1.883s] -- Up-to-date symlink: /home/ayesh/turtlebot3_ws/install/turtlebot3_maze/share/turtlebot3_maze/worlds/maze_simple.world
[1.883s] -- Symlinking: /home/ayesh/turtlebot3_ws/install/turtlebot3_maze/share/turtlebot3_maze/worlds/square_maze.world
[1.912s] -- Up-to-date symlink: /home/ayesh/turtlebot3_ws/install/turtlebot3_maze/share/turtlebot3_maze/rviz/navigation.rviz
[1.912s] -- Up-to-date symlink: /home/ayesh/turtlebot3_ws/install/turtlebot3_maze/share/turtlebot3_maze/rviz/slam.rviz
[1.912s] -- Up-to-date symlink: /home/ayesh/turtlebot3_ws/install/turtlebot3_maze/share/turtlebot3_maze/models/.gitkeep
[1.912s] -- Up-to-date symlink: /home/ayesh/turtlebot3_ws/install/turtlebot3_maze/share/ament_index/resource_index/package_run_dependencies/turtlebot3_maze
[1.913s] -- Up-to-date symlink: /home/ayesh/turtlebot3_ws/install/turtlebot3_maze/share/ament_index/resource_index/parent_prefix_path/turtlebot3_maze
[1.913s] -- Up-to-date symlink: /home/ayesh/turtlebot3_ws/install/turtlebot3_maze/share/turtlebot3_maze/environment/ament_prefix_path.sh
[1.913s] -- Up-to-date symlink: /home/ayesh/turtlebot3_ws/install/turtlebot3_maze/share/turtlebot3_maze/environment/ament_prefix_path.dsv
[1.913s] -- Up-to-date symlink: /home/ayesh/turtlebot3_ws/install/turtlebot3_maze/share/turtlebot3_maze/environment/path.sh
[1.914s] -- Up-to-date symlink: /home/ayesh/turtlebot3_ws/install/turtlebot3_maze/share/turtlebot3_maze/environment/path.dsv
[1.914s] -- Up-to-date symlink: /home/ayesh/turtlebot3_ws/install/turtlebot3_maze/share/turtlebot3_maze/local_setup.bash
[1.914s] -- Up-to-date symlink: /home/ayesh/turtlebot3_ws/install/turtlebot3_maze/share/turtlebot3_maze/local_setup.sh
[1.914s] -- Up-to-date symlink: /home/ayesh/turtlebot3_ws/install/turtlebot3_maze/share/turtlebot3_maze/local_setup.zsh
[1.915s] -- Up-to-date symlink: /home/ayesh/turtlebot3_ws/install/turtlebot3_maze/share/turtlebot3_maze/local_setup.dsv
[1.917s] -- Symlinking: /home/ayesh/turtlebot3_ws/install/turtlebot3_maze/share/turtlebot3_maze/package.dsv
[1.943s] -- Up-to-date symlink: /home/ayesh/turtlebot3_ws/install/turtlebot3_maze/share/ament_index/resource_index/packages/turtlebot3_maze
[1.943s] -- Up-to-date symlink: /home/ayesh/turtlebot3_ws/install/turtlebot3_maze/share/turtlebot3_maze/cmake/turtlebot3_mazeConfig.cmake
[1.943s] -- Up-to-date symlink: /home/ayesh/turtlebot3_ws/install/turtlebot3_maze/share/turtlebot3_maze/cmake/turtlebot3_mazeConfig-version.cmake
[1.943s] -- Up-to-date symlink: /home/ayesh/turtlebot3_ws/install/turtlebot3_maze/share/turtlebot3_maze/package.xml
[2.025s] Listing '/home/ayesh/turtlebot3_ws/install/turtlebot3_maze/local/lib/python3.10/dist-packages/turtlebot3_maze'...
[2.026s] Compiling '/home/ayesh/turtlebot3_ws/install/turtlebot3_maze/local/lib/python3.10/dist-packages/turtlebot3_maze/goal_navigator.py'...
[2.026s] Compiling '/home/ayesh/turtlebot3_ws/install/turtlebot3_maze/local/lib/python3.10/dist-packages/turtlebot3_maze/setup.py'...
[2.041s] Invoked command in '/home/ayesh/turtlebot3_ws/build/turtlebot3_maze' returned '0': CMAKE_PREFIX_PATH=/opt/ros/humble /usr/bin/cmake --install /home/ayesh/turtlebot3_ws/build/turtlebot3_maze
