[0.025s] Invoking command in '/home/ayesh/turtlebot3_ws/build/turtlebot3_maze': CMAKE_PREFIX_PATH=/opt/ros/humble /usr/bin/cmake --build /home/ayesh/turtlebot3_ws/build/turtlebot3_maze -- -j2 -l2
[0.245s] Built target ament_cmake_python_symlink_turtlebot3_maze
[0.481s] running egg_info
[0.482s] writing turtlebot3_maze.egg-info/PKG-INFO
[0.482s] writing dependency_links to turtlebot3_maze.egg-info/dependency_links.txt
[0.483s] writing top-level names to turtlebot3_maze.egg-info/top_level.txt
[0.488s] reading manifest file 'turtlebot3_maze.egg-info/SOURCES.txt'
[0.488s] writing manifest file 'turtlebot3_maze.egg-info/SOURCES.txt'
[0.517s] Built target ament_cmake_python_build_turtlebot3_maze_egg
[0.536s] Invoked command in '/home/ayesh/turtlebot3_ws/build/turtlebot3_maze' returned '0': CMAKE_PREFIX_PATH=/opt/ros/humble /usr/bin/cmake --build /home/ayesh/turtlebot3_ws/build/turtlebot3_maze -- -j2 -l2
[0.551s] Invoking command in '/home/ayesh/turtlebot3_ws/build/turtlebot3_maze': CMAKE_PREFIX_PATH=/opt/ros/humble /usr/bin/cmake --install /home/ayesh/turtlebot3_ws/build/turtlebot3_maze
[0.562s] -- Install configuration: ""
[0.567s] -- Execute custom install script
[0.568s] -- Up-to-date symlink: /home/ayesh/turtlebot3_ws/install/turtlebot3_maze/share/turtlebot3_maze/environment/pythonpath.sh
[0.568s] -- Up-to-date symlink: /home/ayesh/turtlebot3_ws/install/turtlebot3_maze/share/turtlebot3_maze/environment/pythonpath.dsv
[0.570s] -- Up-to-date symlink: /home/ayesh/turtlebot3_ws/install/turtlebot3_maze/local/lib/python3.10/dist-packages/turtlebot3_maze-1.2.0-py3.10.egg-info/PKG-INFO
[0.571s] -- Up-to-date symlink: /home/ayesh/turtlebot3_ws/install/turtlebot3_maze/local/lib/python3.10/dist-packages/turtlebot3_maze-1.2.0-py3.10.egg-info/SOURCES.txt
[0.571s] -- Up-to-date symlink: /home/ayesh/turtlebot3_ws/install/turtlebot3_maze/local/lib/python3.10/dist-packages/turtlebot3_maze-1.2.0-py3.10.egg-info/dependency_links.txt
[0.574s] -- Up-to-date symlink: /home/ayesh/turtlebot3_ws/install/turtlebot3_maze/local/lib/python3.10/dist-packages/turtlebot3_maze-1.2.0-py3.10.egg-info/top_level.txt
[0.574s] -- Up-to-date symlink: /home/ayesh/turtlebot3_ws/install/turtlebot3_maze/local/lib/python3.10/dist-packages/turtlebot3_maze/__init__.py
[0.574s] -- Up-to-date symlink: /home/ayesh/turtlebot3_ws/install/turtlebot3_maze/local/lib/python3.10/dist-packages/turtlebot3_maze/dqn_agent.py
[0.574s] -- Up-to-date symlink: /home/ayesh/turtlebot3_ws/install/turtlebot3_maze/local/lib/python3.10/dist-packages/turtlebot3_maze/dqn_navigation.py
[0.574s] -- Up-to-date symlink: /home/ayesh/turtlebot3_ws/install/turtlebot3_maze/local/lib/python3.10/dist-packages/turtlebot3_maze/generate_assignment_maze.py
[0.575s] -- Up-to-date symlink: /home/ayesh/turtlebot3_ws/install/turtlebot3_maze/local/lib/python3.10/dist-packages/turtlebot3_maze/maze_generator.py
[0.575s] -- Up-to-date symlink: /home/ayesh/turtlebot3_ws/install/turtlebot3_maze/local/lib/python3.10/dist-packages/turtlebot3_maze/maze_gui.py
[0.576s] -- Up-to-date symlink: /home/ayesh/turtlebot3_ws/install/turtlebot3_maze/local/lib/python3.10/dist-packages/turtlebot3_maze/performance_tester.py
[0.576s] -- Up-to-date symlink: /home/ayesh/turtlebot3_ws/install/turtlebot3_maze/local/lib/python3.10/dist-packages/turtlebot3_maze/setup.py
[0.577s] -- Up-to-date symlink: /home/ayesh/turtlebot3_ws/install/turtlebot3_maze/share/turtlebot3_maze/launch/dqn_navigation.launch.py
[0.577s] -- Up-to-date symlink: /home/ayesh/turtlebot3_ws/install/turtlebot3_maze/share/turtlebot3_maze/launch/gazebo_only.launch.py
[0.577s] -- Up-to-date symlink: /home/ayesh/turtlebot3_ws/install/turtlebot3_maze/share/turtlebot3_maze/launch/navigation.launch.py
[0.577s] -- Up-to-date symlink: /home/ayesh/turtlebot3_ws/install/turtlebot3_maze/share/turtlebot3_maze/launch/slam.launch.py
[0.577s] -- Up-to-date symlink: /home/ayesh/turtlebot3_ws/install/turtlebot3_maze/share/turtlebot3_maze/launch/test_headless.launch.py
[0.577s] -- Up-to-date symlink: /home/ayesh/turtlebot3_ws/install/turtlebot3_maze/share/turtlebot3_maze/config/dqn_config.yaml
[0.578s] -- Up-to-date symlink: /home/ayesh/turtlebot3_ws/install/turtlebot3_maze/share/turtlebot3_maze/config/nav2_params.yaml
[0.579s] -- Up-to-date symlink: /home/ayesh/turtlebot3_ws/install/turtlebot3_maze/share/turtlebot3_maze/config/slam_params.yaml
[0.579s] -- Up-to-date symlink: /home/ayesh/turtlebot3_ws/install/turtlebot3_maze/share/turtlebot3_maze/worlds/empty.world
[0.580s] -- Up-to-date symlink: /home/ayesh/turtlebot3_ws/install/turtlebot3_maze/share/turtlebot3_maze/worlds/final_maze.world
[0.580s] -- Up-to-date symlink: /home/ayesh/turtlebot3_ws/install/turtlebot3_maze/share/turtlebot3_maze/worlds/maze_assignment.world
[0.581s] -- Up-to-date symlink: /home/ayesh/turtlebot3_ws/install/turtlebot3_maze/share/turtlebot3_maze/worlds/maze_complex.world
[0.581s] -- Up-to-date symlink: /home/ayesh/turtlebot3_ws/install/turtlebot3_maze/share/turtlebot3_maze/worlds/maze_simple.world
[0.582s] -- Up-to-date symlink: /home/ayesh/turtlebot3_ws/install/turtlebot3_maze/share/turtlebot3_maze/rviz/navigation.rviz
[0.583s] -- Up-to-date symlink: /home/ayesh/turtlebot3_ws/install/turtlebot3_maze/share/turtlebot3_maze/rviz/slam.rviz
[0.583s] -- Up-to-date symlink: /home/ayesh/turtlebot3_ws/install/turtlebot3_maze/share/turtlebot3_maze/models/.gitkeep
[0.584s] -- Up-to-date symlink: /home/ayesh/turtlebot3_ws/install/turtlebot3_maze/share/ament_index/resource_index/package_run_dependencies/turtlebot3_maze
[0.585s] -- Up-to-date symlink: /home/ayesh/turtlebot3_ws/install/turtlebot3_maze/share/ament_index/resource_index/parent_prefix_path/turtlebot3_maze
[0.587s] -- Up-to-date symlink: /home/ayesh/turtlebot3_ws/install/turtlebot3_maze/share/turtlebot3_maze/environment/ament_prefix_path.sh
[0.587s] -- Up-to-date symlink: /home/ayesh/turtlebot3_ws/install/turtlebot3_maze/share/turtlebot3_maze/environment/ament_prefix_path.dsv
[0.588s] -- Up-to-date symlink: /home/ayesh/turtlebot3_ws/install/turtlebot3_maze/share/turtlebot3_maze/environment/path.sh
[0.589s] -- Up-to-date symlink: /home/ayesh/turtlebot3_ws/install/turtlebot3_maze/share/turtlebot3_maze/environment/path.dsv
[0.589s] -- Up-to-date symlink: /home/ayesh/turtlebot3_ws/install/turtlebot3_maze/share/turtlebot3_maze/local_setup.bash
[0.590s] -- Up-to-date symlink: /home/ayesh/turtlebot3_ws/install/turtlebot3_maze/share/turtlebot3_maze/local_setup.sh
[0.590s] -- Up-to-date symlink: /home/ayesh/turtlebot3_ws/install/turtlebot3_maze/share/turtlebot3_maze/local_setup.zsh
[0.590s] -- Up-to-date symlink: /home/ayesh/turtlebot3_ws/install/turtlebot3_maze/share/turtlebot3_maze/local_setup.dsv
[0.590s] -- Symlinking: /home/ayesh/turtlebot3_ws/install/turtlebot3_maze/share/turtlebot3_maze/package.dsv
[0.601s] -- Up-to-date symlink: /home/ayesh/turtlebot3_ws/install/turtlebot3_maze/share/ament_index/resource_index/packages/turtlebot3_maze
[0.601s] -- Up-to-date symlink: /home/ayesh/turtlebot3_ws/install/turtlebot3_maze/share/turtlebot3_maze/cmake/turtlebot3_mazeConfig.cmake
[0.602s] -- Up-to-date symlink: /home/ayesh/turtlebot3_ws/install/turtlebot3_maze/share/turtlebot3_maze/cmake/turtlebot3_mazeConfig-version.cmake
[0.602s] -- Up-to-date symlink: /home/ayesh/turtlebot3_ws/install/turtlebot3_maze/share/turtlebot3_maze/package.xml
[0.645s] Listing '/home/ayesh/turtlebot3_ws/install/turtlebot3_maze/local/lib/python3.10/dist-packages/turtlebot3_maze'...
[0.652s] Invoked command in '/home/ayesh/turtlebot3_ws/build/turtlebot3_maze' returned '0': CMAKE_PREFIX_PATH=/opt/ros/humble /usr/bin/cmake --install /home/ayesh/turtlebot3_ws/build/turtlebot3_maze
